<?xml version="1.0" encoding="UTF-8"?>
<testng-results ignored="0" total="1" passed="1" failed="0" skipped="0">
  <reporter-output>
  </reporter-output>
  <suite started-at="2023-11-07T10:17:13 IST" name="Default suite" finished-at="2023-11-07T10:17:56 IST" duration-ms="43083">
    <groups>
    </groups>
    <test started-at="2023-11-07T10:17:13 IST" name="Default test" finished-at="2023-11-07T10:17:56 IST" duration-ms="43083">
      <class name="asserts.softassert">
        <test-method signature="hs()[pri:0, instance:asserts.softassert@769f71a9]" started-at="2023-11-07T10:17:13 IST" name="hs" finished-at="2023-11-07T10:17:56 IST" duration-ms="42796" status="PASS">
          <reporter-output>
          </reporter-output>
        </test-method> <!-- hs -->
      </class> <!-- asserts.softassert -->
    </test> <!-- Default test -->
  </suite> <!-- Default suite -->
</testng-results>
